============================
[debug] Begin to login ...
[debug] CAS response header True
[debug] Form url:  http://jkgc.hrbeu.edu.cn/infoplus/form/5811243/render
[debug] Form Status:  SUCCEED
[debug] Form stJson:  {'errno': 0, 'ecode': 'SUCCEED', 'entities': [{'stepId': 2, 'name': '办结', 'code': 'autoStep1', 'status': 0, 'type': 'Auto', 'flowStepId': 0, 'executorSelection': 0, 'timestamp': 0, 'posts': [], 'users': [], 'parallel': False, 'hasInstantNotification': False, 'hasCarbonCopy': False, 'entryId': 5742751, 'entryStatus': 0, 'entryRelease': False}]}
[info] Checkin succeed with jsoncode SUCCEED
[info] Task Finished at 2020-07-08 13:55:59 Wednesday
[info] Log Sent at 2020-07-08 13:56:06 Wednesday
============================

============================
[debug] Begin to login ...
[debug] CAS response header True
[debug] Form url:  http://jkgc.hrbeu.edu.cn/infoplus/form/5811296/render
[debug] Form Status:  SUCCEED
[debug] Form stJson:  {'errno': 0, 'ecode': 'SUCCEED', 'entities': [{'stepId': 2, 'name': '办结', 'code': 'autoStep1', 'status': 0, 'type': 'Auto', 'flowStepId': 0, 'executorSelection': 0, 'timestamp': 0, 'posts': [], 'users': [], 'parallel': False, 'hasInstantNotification': False, 'hasCarbonCopy': False, 'entryId': 5742804, 'entryStatus': 0, 'entryRelease': False}]}
[info] Checkin succeed with jsoncode SUCCEED
[info] Task Finished at 2020-07-08 15:01:24 Wednesday
[info] Log Sent at 2020-07-08 15:01:28 Wednesday
============================

