=========================
[debug] Login ehome success...
[debug] Login one success...
[debug] Form loaded...
[debug] Checkbox checked...
[debug] Form Submitted...
[debug] 平安行动:填报健康信息(已完成)
[info] Checkin Success!
[info] End at 2020-07-08 15:04:59 +0800.
=========================

=========================
[debug] Login ehome success...
[debug] Login one success...
[debug] Form loaded...
[debug] Checkbox checked...
[debug] Form Submitted...
[debug] 平安行动:填报健康信息(已完成)
[info] Checkin Success!
[info] End at 2020-07-08 15:12:29 +0800.
=========================

