=========================
[debug] Login CAS success...
[debug] Form loaded...
[debug] Checkbox checked...
[debug] Form Submitted...
[debug] 平安行动:填报健康信息(已完成)
[info] Checkin Success!
[info] End at 2021-01-17 12:43:18 +0800.
=========================
[info] Log Sent at 2021-01-17 12:43:22 Sunday
=========================

=========================
[debug] Login CAS success...
[debug] Form loaded...
[debug] Checkbox checked...
[debug] Form Submitted...
[debug] 平安行动:填报健康信息(已完成)
[info] Checkin Success!
[info] End at 2021-01-18 08:50:49 +0800.
=========================
[info] Log Sent at 2021-01-18 08:50:52 Monday
=========================

=========================
[debug] Login CAS success...
[debug] Form loaded...
[debug] Checkbox checked...
[debug] Form Submitted...
[debug] 平安行动:填报健康信息(已完成)
[info] Checkin Success!
[info] End at 2021-01-18 10:56:57 +0800.
=========================
[info] Log Sent at 2021-01-18 10:56:59 Monday
=========================

=========================
[debug] Login CAS Success...
[debug] Form Loaded...
[debug] Checkbox Checked...
[debug] Form Submitted...
[debug] 平安行动:填报健康信息(已完成)
[info] Checkin Success!
[info] End at 2021-01-18 15:45:34 +0800.
=========================
[info] Log Sent at 2021-01-18 15:45:47 Monday
=========================\n
